<?xml version="1.0" encoding="UTF-8"?>
<!-- Generated by org.testng.reporters.JUnitXMLReporter -->
<testsuite ignored="0" hostname="DESKTOP-ALV36G3" failures="1" tests="1" name="Test" time="77.531" errors="0" timestamp="2024-12-20T23:39:37 IST">
  <testcase classname="coverFoxTest.TC1234_CoverFox_ValidateBannerCount" name="validatePolicyCount" time="3.455">
    <failure type="java.lang.AssertionError" message="null">
      <![CDATA[java.lang.AssertionError: null
at coverFoxTest.TC1234_CoverFox_ValidateBannerCount.validatePolicyCount(TC1234_CoverFox_ValidateBannerCount.java:68)
at java.base/java.util.ArrayList.forEach(ArrayList.java:1597)
... Removed 27 stack frames]]>
    </failure>
  </testcase> <!-- validatePolicyCount -->
</testsuite> <!-- Test -->
