<?xml version="1.0" encoding="UTF-8"?>
<testng-results ignored="0" total="1" passed="0" failed="1" skipped="0">
  <reporter-output>
    <line>
      <![CDATA[launching browser]]>
    </line>
    <line>
      <![CDATA[waiting]]>
    </line>
    <line>
      <![CDATA[click on gender button]]>
    </line>
    <line>
      <![CDATA[click on next button]]>
    </line>
    <line>
      <![CDATA[enter age]]>
    </line>
    <line>
      <![CDATA[click on next button]]>
    </line>
    <line>
      <![CDATA[enterring pin]]>
    </line>
    <line>
      <![CDATA[enterring mobile]]>
    </line>
    <line>
      <![CDATA[clicking button]]>
    </line>
    <line>
      <![CDATA[getting policy count from text display]]>
    </line>
    <line>
      <![CDATA[getting policy count from banners]]>
    </line>
    <line>
      <![CDATA[Taking Screenshot]]>
    </line>
    <line>
      <![CDATA[closing Browser]]>
    </line>
  </reporter-output>
  <suite started-at="2024-12-20T23:38:20 IST" name="Suite" finished-at="2024-12-20T23:39:37 IST" duration-ms="77531">
    <groups>
    </groups>
    <test started-at="2024-12-20T23:38:20 IST" name="Test" finished-at="2024-12-20T23:39:37 IST" duration-ms="77531">
      <class name="coverFoxTest.TC1234_CoverFox_ValidateBannerCount">
        <test-method is-config="true" signature="openApplication()[pri:0, instance:coverFoxTest.TC1234_CoverFox_ValidateBannerCount@247bddad]" started-at="2024-12-20T23:38:20 IST" name="openApplication" finished-at="2024-12-20T23:38:57 IST" duration-ms="37165" status="PASS">
          <reporter-output>
            <line>
              <![CDATA[launching browser]]>
            </line>
            <line>
              <![CDATA[waiting]]>
            </line>
          </reporter-output>
        </test-method> <!-- openApplication -->
        <test-method is-config="true" signature="enterDetails()[pri:0, instance:coverFoxTest.TC1234_CoverFox_ValidateBannerCount@247bddad]" started-at="2024-12-20T23:38:57 IST" name="enterDetails" finished-at="2024-12-20T23:39:30 IST" duration-ms="32272" status="PASS">
          <reporter-output>
            <line>
              <![CDATA[click on gender button]]>
            </line>
            <line>
              <![CDATA[click on next button]]>
            </line>
            <line>
              <![CDATA[enter age]]>
            </line>
            <line>
              <![CDATA[click on next button]]>
            </line>
            <line>
              <![CDATA[enterring pin]]>
            </line>
            <line>
              <![CDATA[enterring mobile]]>
            </line>
            <line>
              <![CDATA[clicking button]]>
            </line>
          </reporter-output>
        </test-method> <!-- enterDetails -->
        <test-method signature="validatePolicyCount()[pri:0, instance:coverFoxTest.TC1234_CoverFox_ValidateBannerCount@247bddad]" started-at="2024-12-20T23:39:30 IST" name="validatePolicyCount" finished-at="2024-12-20T23:39:33 IST" duration-ms="3455" status="FAIL">
          <exception class="java.lang.AssertionError">
            <message>
              <![CDATA[null]]>
            </message>
            <full-stacktrace>
              <![CDATA[java.lang.AssertionError: null
at org.testng.Assert.fail(Assert.java:111)
at org.testng.Assert.fail(Assert.java:116)
at coverFoxTest.TC1234_CoverFox_ValidateBannerCount.validatePolicyCount(TC1234_CoverFox_ValidateBannerCount.java:68)
at java.base/jdk.internal.reflect.DirectMethodHandleAccessor.invoke(DirectMethodHandleAccessor.java:103)
at java.base/java.lang.reflect.Method.invoke(Method.java:580)
at org.testng.internal.invokers.MethodInvocationHelper.invokeMethod(MethodInvocationHelper.java:141)
at org.testng.internal.invokers.TestInvoker.invokeMethod(TestInvoker.java:686)
at org.testng.internal.invokers.TestInvoker.invokeTestMethod(TestInvoker.java:230)
at org.testng.internal.invokers.MethodRunner.runInSequence(MethodRunner.java:63)
at org.testng.internal.invokers.TestInvoker$MethodInvocationAgent.invoke(TestInvoker.java:992)
at org.testng.internal.invokers.TestInvoker.invokeTestMethods(TestInvoker.java:203)
at org.testng.internal.invokers.TestMethodWorker.invokeTestMethods(TestMethodWorker.java:154)
at org.testng.internal.invokers.TestMethodWorker.run(TestMethodWorker.java:134)
at java.base/java.util.ArrayList.forEach(ArrayList.java:1597)
at org.testng.TestRunner.privateRun(TestRunner.java:739)
at org.testng.TestRunner.run(TestRunner.java:614)
at org.testng.SuiteRunner.runTest(SuiteRunner.java:421)
at org.testng.SuiteRunner.runSequentially(SuiteRunner.java:413)
at org.testng.SuiteRunner.privateRun(SuiteRunner.java:373)
at org.testng.SuiteRunner.run(SuiteRunner.java:312)
at org.testng.SuiteRunnerWorker.runSuite(SuiteRunnerWorker.java:52)
at org.testng.SuiteRunnerWorker.run(SuiteRunnerWorker.java:95)
at org.testng.TestNG.runSuitesSequentially(TestNG.java:1274)
at org.testng.TestNG.runSuitesLocally(TestNG.java:1208)
at org.testng.TestNG.runSuites(TestNG.java:1112)
at org.testng.TestNG.run(TestNG.java:1079)
at org.testng.remote.AbstractRemoteTestNG.run(AbstractRemoteTestNG.java:115)
at org.testng.remote.RemoteTestNG.initAndRun(RemoteTestNG.java:293)
at org.testng.remote.RemoteTestNG.main(RemoteTestNG.java:91)
]]>
            </full-stacktrace>
          </exception> <!-- java.lang.AssertionError -->
          <reporter-output>
            <line>
              <![CDATA[getting policy count from text display]]>
            </line>
            <line>
              <![CDATA[getting policy count from banners]]>
            </line>
            <line>
              <![CDATA[Taking Screenshot]]>
            </line>
          </reporter-output>
        </test-method> <!-- validatePolicyCount -->
        <test-method is-config="true" signature="closeApplication()[pri:0, instance:coverFoxTest.TC1234_CoverFox_ValidateBannerCount@247bddad]" started-at="2024-12-20T23:39:34 IST" name="closeApplication" finished-at="2024-12-20T23:39:37 IST" duration-ms="3206" status="PASS">
          <reporter-output>
            <line>
              <![CDATA[closing Browser]]>
            </line>
          </reporter-output>
        </test-method> <!-- closeApplication -->
      </class> <!-- coverFoxTest.TC1234_CoverFox_ValidateBannerCount -->
    </test> <!-- Test -->
  </suite> <!-- Suite -->
</testng-results>
